#
# A fatal error has been detected by the Java Runtime Environment:
#
#  Internal Error (safepoint.cpp:310), pid=5387, tid=0x00007f621fafa700
#  guarantee(PageArmed == 0) failed: invariant
#
# JRE version: Java(TM) SE Runtime Environment (8.0_121-b13) (build 1.8.0_121-b13)
# Java VM: Java HotSpot(TM) 64-Bit Server VM (25.121-b13 mixed mode linux-amd64 compressed oops)
# Failed to write core dump. Core dumps have been disabled. To enable core dumping, try "ulimit -c unlimited" before starting Java again
#
# If you would like to submit a bug report, please visit:
#   http://bugreport.java.com/bugreport/crash.jsp
#

---------------  T H R E A D  ---------------

Current thread (0x00007f6240077800):  VMThread [stack: 0x00007f621f9fa000,0x00007f621fafb000] [id=5399]

Stack: [0x00007f621f9fa000,0x00007f621fafb000],  sp=0x00007f621faf96b0,  free space=1021k
Native frames: (J=compiled Java code, j=interpreted, Vv=VM code, C=native code)
V  [libjvm.so+0xac703a]  VMError::report_and_die()+0x2ba
V  [libjvm.so+0x4fbf72]  report_vm_error(char const*, int, char const*, char const*)+0x62
V  [libjvm.so+0x9bdc54]  SafepointSynchronize::begin()+0x834
V  [libjvm.so+0xacec7f]  VMThread::loop()+0x1bf
V  [libjvm.so+0xacf100]  VMThread::run()+0x70
V  [libjvm.so+0x926268]  java_start(Thread*)+0x108

VM_Operation (0x00007f621ef15450): Exit, mode: safepoint, requested by thread 0x00007f6204001000


---------------  P R O C E S S  ---------------

Java Threads: ( => current thread )
  0x00007f6204001000 JavaThread "SIGTERM handler" daemon [_thread_in_vm, id=6023, stack(0x00007f621ee16000,0x00007f621ef17000)]
  0x00007f62400bf800 JavaThread "Service Thread" daemon [_thread_blocked, id=5406, stack(0x00007f621f018000,0x00007f621f119000)]
  0x00007f62400bc800 JavaThread "C1 CompilerThread2" daemon [_thread_blocked, id=5405, stack(0x00007f621f119000,0x00007f621f21a000)]
  0x00007f62400bb000 JavaThread "C2 CompilerThread1" daemon [_thread_blocked, id=5404, stack(0x00007f621f21a000,0x00007f621f31b000)]
  0x00007f62400b8000 JavaThread "C2 CompilerThread0" daemon [_thread_blocked, id=5403, stack(0x00007f621f31b000,0x00007f621f41c000)]
  0x00007f6240083800 JavaThread "Finalizer" daemon [_thread_blocked, id=5401, stack(0x00007f621f7f8000,0x00007f621f8f9000)]
  0x00007f624007f000 JavaThread "Reference Handler" daemon [_thread_blocked, id=5400, stack(0x00007f621f8f9000,0x00007f621f9fa000)]
  0x00007f6240009800 JavaThread "main" [_thread_in_Java, id=5389, stack(0x00007f6247200000,0x00007f6247301000)]

Other Threads:
=>0x00007f6240077800 VMThread [stack: 0x00007f621f9fa000,0x00007f621fafb000] [id=5399]

VM state:synchronizing (normal execution)

VM Mutex/Monitor currently owned by a thread:  ([mutex/lock_event])
[0x00007f6240005e10] Safepoint_lock - owner thread: 0x00007f6240077800
[0x00007f6240005e90] Threads_lock - owner thread: 0x00007f6240077800

Heap:
 PSYoungGen      total 452608K, used 134658K [0x00000000e1580000, 0x0000000100000000, 0x0000000100000000)
  eden space 430592K, 28% used [0x00000000e1580000,0x00000000e8f0d458,0x00000000fba00000)
  from space 22016K, 46% used [0x00000000fba00000,0x00000000fc3f35f0,0x00000000fcf80000)
  to   space 36352K, 0% used [0x00000000fdc80000,0x00000000fdc80000,0x0000000100000000)
 ParOldGen       total 180736K, used 111407K [0x00000000a4000000, 0x00000000af080000, 0x00000000e1580000)
  object space 180736K, 61% used [0x00000000a4000000,0x00000000aaccbd78,0x00000000af080000)
 Metaspace       used 3748K, capacity 4680K, committed 4864K, reserved 1056768K
  class space    used 412K, capacity 432K, committed 512K, reserved 1048576K

Card table byte_map: [0x00007f6244088000,0x00007f6244369000] byte_map_base: 0x00007f6243b68000

Marking Bits: (ParMarkBitMap*) 0x00007f62466d3c80
 Begin Bits: [0x00007f622d851000, 0x00007f622ef51000)
 End Bits:   [0x00007f622ef51000, 0x00007f6230651000)

Polling page: 0x00007f6247320000

CodeCache: size=245760Kb used=2566Kb max_used=2581Kb free=243193Kb
 bounds [0x00007f6231000000, 0x00007f6231290000, 0x00007f6240000000]
 total_blobs=574 nmethods=332 adapters=156
 compilation: enabled

Compilation events (10 events):
Event: 200,274 Thread 0x00007f62400b8000  328 %     4       br.ufc.quixada.eda.util.EDAUtil::getDadosIniciais @ 32 (59 bytes)
Event: 200,318 Thread 0x00007f62400b8000 nmethod 328% 0x00007f6231280350 code [0x00007f6231280580, 0x00007f62312812a0]
Event: 201,955 Thread 0x00007f62400bb000  329       4       sun.nio.cs.StreamDecoder::ensureOpen (18 bytes)
Event: 201,956 Thread 0x00007f62400bb000 nmethod 329 0x00007f6231259e90 code [0x00007f6231259fe0, 0x00007f623125a058]
Event: 201,983 Thread 0x00007f62400bc800  330   !   3       sun.nio.cs.StreamDecoder::read (196 bytes)
Event: 201,985 Thread 0x00007f62400bc800 nmethod 330 0x00007f623127ed50 code [0x00007f623127ef80, 0x00007f623127fc68]
Event: 203,198 Thread 0x00007f62400bb000  331   !   4       sun.nio.cs.StreamDecoder::read (196 bytes)
Event: 203,200 Thread 0x00007f62400b8000  332       4       sun.nio.cs.StreamDecoder::implRead (243 bytes)
Event: 203,245 Thread 0x00007f62400bb000 nmethod 331 0x00007f62312849d0 code [0x00007f6231284c60, 0x00007f6231285f30]
Event: 203,252 Thread 0x00007f62400b8000 nmethod 332 0x00007f6231287ed0 code [0x00007f6231288140, 0x00007f6231288eb0]

GC Heap History (10 events):
Event: 203,346 GC heap before
{Heap before GC invocations=17 (full 0):
 PSYoungGen      total 470016K, used 468222K [0x00000000e1580000, 0x0000000100000000, 0x0000000100000000)
  eden space 443904K, 100% used [0x00000000e1580000,0x00000000fc700000,0x00000000fc700000)
  from space 26112K, 93% used [0x00000000fe680000,0x00000000ffe3f8f8,0x0000000100000000)
  to   space 29184K, 0% used [0x00000000fc700000,0x00000000fc700000,0x00000000fe380000)
 ParOldGen       total 62976K, used 43885K [0x00000000a4000000, 0x00000000a7d80000, 0x00000000e1580000)
  object space 62976K, 69% used [0x00000000a4000000,0x00000000a6adb460,0x00000000a7d80000)
 Metaspace       used 3740K, capacity 4680K, committed 4864K, reserved 1056768K
  class space    used 410K, capacity 432K, committed 512K, reserved 1048576K
Event: 203,477 GC heap after
Heap after GC invocations=17 (full 0):
 PSYoungGen      total 470016K, used 25725K [0x00000000e1580000, 0x0000000100000000, 0x0000000100000000)
  eden space 443904K, 0% used [0x00000000e1580000,0x00000000e1580000,0x00000000fc700000)
  from space 26112K, 98% used [0x00000000fc700000,0x00000000fe01f568,0x00000000fe080000)
  to   space 32256K, 0% used [0x00000000fe080000,0x00000000fe080000,0x0000000100000000)
 ParOldGen       total 67072K, used 66085K [0x00000000a4000000, 0x00000000a8180000, 0x00000000e1580000)
  object space 67072K, 98% used [0x00000000a4000000,0x00000000a8089460,0x00000000a8180000)
 Metaspace       used 3740K, capacity 4680K, committed 4864K, reserved 1056768K
  class space    used 410K, capacity 432K, committed 512K, reserved 1048576K
}
Event: 203,477 GC heap before
{Heap before GC invocations=18 (full 1):
 PSYoungGen      total 470016K, used 25725K [0x00000000e1580000, 0x0000000100000000, 0x0000000100000000)
  eden space 443904K, 0% used [0x00000000e1580000,0x00000000e1580000,0x00000000fc700000)
  from space 26112K, 98% used [0x00000000fc700000,0x00000000fe01f568,0x00000000fe080000)
  to   space 32256K, 0% used [0x00000000fe080000,0x00000000fe080000,0x0000000100000000)
 ParOldGen       total 67072K, used 66085K [0x00000000a4000000, 0x00000000a8180000, 0x00000000e1580000)
  object space 67072K, 98% used [0x00000000a4000000,0x00000000a8089460,0x00000000a8180000)
 Metaspace       used 3740K, capacity 4680K, committed 4864K, reserved 1056768K
  class space    used 410K, capacity 432K, committed 512K, reserved 1048576K
Event: 204,841 GC heap after
Heap after GC invocations=18 (full 1):
 PSYoungGen      total 470016K, used 8753K [0x00000000e1580000, 0x0000000100000000, 0x0000000100000000)
  eden space 443904K, 0% used [0x00000000e1580000,0x00000000e1580000,0x00000000fc700000)
  from space 26112K, 33% used [0x00000000fc700000,0x00000000fcf8c788,0x00000000fe080000)
  to   space 32256K, 0% used [0x00000000fe080000,0x00000000fe080000,0x0000000100000000)
 ParOldGen       total 111616K, used 66911K [0x00000000a4000000, 0x00000000aad00000, 0x00000000e1580000)
  object space 111616K, 59% used [0x00000000a4000000,0x00000000a8157ff0,0x00000000aad00000)
 Metaspace       used 3740K, capacity 4680K, committed 4864K, reserved 1056768K
  class space    used 410K, capacity 432K, committed 512K, reserved 1048576K
}
Event: 205,530 GC heap before
{Heap before GC invocations=19 (full 1):
 PSYoungGen      total 470016K, used 452657K [0x00000000e1580000, 0x0000000100000000, 0x0000000100000000)
  eden space 443904K, 100% used [0x00000000e1580000,0x00000000fc700000,0x00000000fc700000)
  from space 26112K, 33% used [0x00000000fc700000,0x00000000fcf8c788,0x00000000fe080000)
  to   space 32256K, 0% used [0x00000000fe080000,0x00000000fe080000,0x0000000100000000)
 ParOldGen       total 111616K, used 66911K [0x00000000a4000000, 0x00000000aad00000, 0x00000000e1580000)
  object space 111616K, 59% used [0x00000000a4000000,0x00000000a8157ff0,0x00000000aad00000)
 Metaspace       used 3740K, capacity 4680K, committed 4864K, reserved 1056768K
  class space    used 410K, capacity 432K, committed 512K, reserved 1048576K
Event: 205,695 GC heap after
Heap after GC invocations=19 (full 1):
 PSYoungGen      total 462848K, used 27244K [0x00000000e1580000, 0x0000000100000000, 0x0000000100000000)
  eden space 430592K, 0% used [0x00000000e1580000,0x00000000e1580000,0x00000000fba00000)
  from space 32256K, 84% used [0x00000000fe080000,0x00000000ffb1b010,0x0000000100000000)
  to   space 35840K, 0% used [0x00000000fba00000,0x00000000fba00000,0x00000000fdd00000)
 ParOldGen       total 111616K, used 75711K [0x00000000a4000000, 0x00000000aad00000, 0x00000000e1580000)
  object space 111616K, 67% used [0x00000000a4000000,0x00000000a89efff0,0x00000000aad00000)
 Metaspace       used 3740K, capacity 4680K, committed 4864K, reserved 1056768K
  class space    used 410K, capacity 432K, committed 512K, reserved 1048576K
}
Event: 206,295 GC heap before
{Heap before GC invocations=20 (full 1):
 PSYoungGen      total 462848K, used 457836K [0x00000000e1580000, 0x0000000100000000, 0x0000000100000000)
  eden space 430592K, 100% used [0x00000000e1580000,0x00000000fba00000,0x00000000fba00000)
  from space 32256K, 84% used [0x00000000fe080000,0x00000000ffb1b010,0x0000000100000000)
  to   space 35840K, 0% used [0x00000000fba00000,0x00000000fba00000,0x00000000fdd00000)
 ParOldGen       total 111616K, used 75711K [0x00000000a4000000, 0x00000000aad00000, 0x00000000e1580000)
  object space 111616K, 67% used [0x00000000a4000000,0x00000000a89efff0,0x00000000aad00000)
 Metaspace       used 3740K, capacity 4680K, committed 4864K, reserved 1056768K
  class space    used 410K, capacity 432K, committed 512K, reserved 1048576K
Event: 206,422 GC heap after
Heap after GC invocations=20 (full 1):
 PSYoungGen      total 452608K, used 21984K [0x00000000e1580000, 0x0000000100000000, 0x0000000100000000)
  eden space 430592K, 0% used [0x00000000e1580000,0x00000000e1580000,0x00000000fba00000)
  from space 22016K, 99% used [0x00000000fba00000,0x00000000fcf78000,0x00000000fcf80000)
  to   space 36352K, 0% used [0x00000000fdc80000,0x00000000fdc80000,0x0000000100000000)
 ParOldGen       total 111616K, used 102940K [0x00000000a4000000, 0x00000000aad00000, 0x00000000e1580000)
  object space 111616K, 92% used [0x00000000a4000000,0x00000000aa487000,0x00000000aad00000)
 Metaspace       used 3740K, capacity 4680K, committed 4864K, reserved 1056768K
  class space    used 410K, capacity 432K, committed 512K, reserved 1048576K
}
Event: 206,422 GC heap before
{Heap before GC invocations=21 (full 2):
 PSYoungGen      total 452608K, used 21984K [0x00000000e1580000, 0x0000000100000000, 0x0000000100000000)
  eden space 430592K, 0% used [0x00000000e1580000,0x00000000e1580000,0x00000000fba00000)
  from space 22016K, 99% used [0x00000000fba00000,0x00000000fcf78000,0x00000000fcf80000)
  to   space 36352K, 0% used [0x00000000fdc80000,0x00000000fdc80000,0x0000000100000000)
 ParOldGen       total 111616K, used 102940K [0x00000000a4000000, 0x00000000aad00000, 0x00000000e1580000)
  object space 111616K, 92% used [0x00000000a4000000,0x00000000aa487000,0x00000000aad00000)
 Metaspace       used 3740K, capacity 4680K, committed 4864K, reserved 1056768K
  class space    used 410K, capacity 432K, committed 512K, reserved 1048576K
Event: 207,682 GC heap after
Heap after GC invocations=21 (full 2):
 PSYoungGen      total 452608K, used 10189K [0x00000000e1580000, 0x0000000100000000, 0x0000000100000000)
  eden space 430592K, 0% used [0x00000000e1580000,0x00000000e1580000,0x00000000fba00000)
  from space 22016K, 46% used [0x00000000fba00000,0x00000000fc3f35f0,0x00000000fcf80000)
  to   space 36352K, 0% used [0x00000000fdc80000,0x00000000fdc80000,0x0000000100000000)
 ParOldGen       total 180736K, used 111407K [0x00000000a4000000, 0x00000000af080000, 0x00000000e1580000)
  object space 180736K, 61% used [0x00000000a4000000,0x00000000aaccbd78,0x00000000af080000)
 Metaspace       used 3740K, capacity 4680K, committed 4864K, reserved 1056768K
  class space    used 410K, capacity 432K, committed 512K, reserved 1048576K
}

Deoptimization events (6 events):
Event: 19,708 Thread 0x00007f6240009800 Uncommon trap: reason=unstable_if action=reinterpret pc=0x00007f623121c224 method=br.ufc.quixada.eda.testes.TesteListaPrioridadesNOrdenado.main([Ljava/lang/String;)V @ 335
Event: 31,952 Thread 0x00007f6240009800 Uncommon trap: reason=unstable_if action=reinterpret pc=0x00007f6231224164 method=br.ufc.quixada.eda.testes.TesteListaPrioridadesNOrdenado.main([Ljava/lang/String;)V @ 710
Event: 58,823 Thread 0x00007f6240009800 Uncommon trap: reason=unstable_if action=reinterpret pc=0x00007f623120ff14 method=br.ufc.quixada.eda.util.EDAUtil.getDadosIniciais(Ljava/lang/String;)Ljava/util/List; @ 50
Event: 95,949 Thread 0x00007f6240009800 Uncommon trap: reason=unstable_if action=reinterpret pc=0x00007f623124dbd0 method=sun.nio.cs.StreamDecoder.implRead([CII)I @ 87
Event: 128,312 Thread 0x00007f6240009800 Uncommon trap: reason=unstable_if action=reinterpret pc=0x00007f62312517e8 method=sun.nio.cs.StreamDecoder.implRead([CII)I @ 87
Event: 201,955 Thread 0x00007f6240009800 Uncommon trap: reason=unstable_if action=reinterpret pc=0x00007f6231254678 method=sun.nio.cs.StreamDecoder.implRead([CII)I @ 87

Internal exceptions (6 events):
Event: 0,053 Thread 0x00007f6240009800 Exception <a 'java/lang/NoSuchMethodError': Method sun.misc.Unsafe.defineClass(Ljava/lang/String;[BII)Ljava/lang/Class; name or signature does not match> (0x00000000e1587ca8) thrown at [/HUDSON3/workspace/8-2-build-linux-amd64/jdk8u121/8372/hotspot/src/sh
Event: 0,053 Thread 0x00007f6240009800 Exception <a 'java/lang/NoSuchMethodError': Method sun.misc.Unsafe.prefetchRead(Ljava/lang/Object;J)V name or signature does not match> (0x00000000e1587f90) thrown at [/HUDSON3/workspace/8-2-build-linux-amd64/jdk8u121/8372/hotspot/src/share/vm/prims/jni.c
Event: 0,172 Thread 0x00007f6240009800 Exception <a 'java/security/PrivilegedActionException'> (0x00000000e160e150) thrown at [/HUDSON3/workspace/8-2-build-linux-amd64/jdk8u121/8372/hotspot/src/share/vm/prims/jvm.cpp, line 1390]
Event: 0,172 Thread 0x00007f6240009800 Exception <a 'java/security/PrivilegedActionException'> (0x00000000e160e548) thrown at [/HUDSON3/workspace/8-2-build-linux-amd64/jdk8u121/8372/hotspot/src/share/vm/prims/jvm.cpp, line 1390]
Event: 0,172 Thread 0x00007f6240009800 Exception <a 'java/security/PrivilegedActionException'> (0x00000000e1610810) thrown at [/HUDSON3/workspace/8-2-build-linux-amd64/jdk8u121/8372/hotspot/src/share/vm/prims/jvm.cpp, line 1390]
Event: 0,172 Thread 0x00007f6240009800 Exception <a 'java/security/PrivilegedActionException'> (0x00000000e1610c08) thrown at [/HUDSON3/workspace/8-2-build-linux-amd64/jdk8u121/8372/hotspot/src/share/vm/prims/jvm.cpp, line 1390]

Events (10 events):
Event: 207,682 Executing VM operation: ParallelGCFailedAllocation done
Event: 434,616 loading class sun/misc/Signal$1
Event: 434,616 loading class sun/misc/Signal$1 done
Event: 434,624 Thread 0x00007f6204001000 Thread added: 0x00007f6204001000
Event: 434,624 loading class java/lang/Shutdown
Event: 434,624 loading class java/lang/Shutdown done
Event: 434,624 loading class java/lang/Shutdown$Lock
Event: 434,624 loading class java/lang/Shutdown$Lock done
Event: 434,630 Thread 0x00007f62400b6800 Thread exited: 0x00007f62400b6800
Event: 434,630 Executing VM operation: Exit


Dynamic libraries:
00400000-00401000 r-xp 00000000 08:15 3019636                            /etc/jdk1.8.0_121/bin/java
00600000-00601000 rw-p 00000000 08:15 3019636                            /etc/jdk1.8.0_121/bin/java
01b2d000-01b4e000 rw-p 00000000 00:00 0                                  [heap]
a4000000-af080000 rw-p 00000000 00:00 0 
af080000-e1580000 ---p 00000000 00:00 0 
e1580000-100000000 rw-p 00000000 00:00 0 
100000000-100080000 rw-p 00000000 00:00 0 
100080000-140000000 ---p 00000000 00:00 0 
7f61ec000000-7f61ec021000 rw-p 00000000 00:00 0 
7f61ec021000-7f61f0000000 ---p 00000000 00:00 0 
7f61f4000000-7f61f4021000 rw-p 00000000 00:00 0 
7f61f4021000-7f61f8000000 ---p 00000000 00:00 0 
7f61f8000000-7f61f8021000 rw-p 00000000 00:00 0 
7f61f8021000-7f61fc000000 ---p 00000000 00:00 0 
7f61fc000000-7f61fdbc6000 rw-p 00000000 00:00 0 
7f61fdbc6000-7f6200000000 ---p 00000000 00:00 0 
7f6200000000-7f6200566000 rw-p 00000000 00:00 0 
7f6200566000-7f6204000000 ---p 00000000 00:00 0 
7f6204000000-7f6204021000 rw-p 00000000 00:00 0 
7f6204021000-7f6208000000 ---p 00000000 00:00 0 
7f6208000000-7f62085d2000 rw-p 00000000 00:00 0 
7f62085d2000-7f620c000000 ---p 00000000 00:00 0 
7f620c000000-7f620c021000 rw-p 00000000 00:00 0 
7f620c021000-7f6210000000 ---p 00000000 00:00 0 
7f6210000000-7f6210021000 rw-p 00000000 00:00 0 
7f6210021000-7f6214000000 ---p 00000000 00:00 0 
7f6214000000-7f621428d000 rw-p 00000000 00:00 0 
7f621428d000-7f6218000000 ---p 00000000 00:00 0 
7f6218000000-7f6218021000 rw-p 00000000 00:00 0 
7f6218021000-7f621c000000 ---p 00000000 00:00 0 
7f621ee16000-7f621ee19000 ---p 00000000 00:00 0 
7f621ee19000-7f621ef17000 rw-p 00000000 00:00 0 
7f621ef17000-7f621ef18000 ---p 00000000 00:00 0 
7f621ef18000-7f621f018000 rw-p 00000000 00:00 0 
7f621f018000-7f621f01b000 ---p 00000000 00:00 0 
7f621f01b000-7f621f119000 rw-p 00000000 00:00 0 
7f621f119000-7f621f11c000 ---p 00000000 00:00 0 
7f621f11c000-7f621f21a000 rw-p 00000000 00:00 0 
7f621f21a000-7f621f21d000 ---p 00000000 00:00 0 
7f621f21d000-7f621f31b000 rw-p 00000000 00:00 0 
7f621f31b000-7f621f31e000 ---p 00000000 00:00 0 
7f621f31e000-7f621f41c000 rw-p 00000000 00:00 0 
7f621f41c000-7f621f41f000 ---p 00000000 00:00 0 
7f621f41f000-7f621f51d000 rw-p 00000000 00:00 0 
7f621f51d000-7f621f7f8000 r--p 00000000 08:15 5373979                    /usr/lib/locale/locale-archive
7f621f7f8000-7f621f7fb000 ---p 00000000 00:00 0 
7f621f7fb000-7f621f8f9000 rw-p 00000000 00:00 0 
7f621f8f9000-7f621f8fc000 ---p 00000000 00:00 0 
7f621f8fc000-7f621f9fa000 rw-p 00000000 00:00 0 
7f621f9fa000-7f621f9fb000 ---p 00000000 00:00 0 
7f621f9fb000-7f6220000000 rw-p 00000000 00:00 0 
7f6220000000-7f6220021000 rw-p 00000000 00:00 0 
7f6220021000-7f6224000000 ---p 00000000 00:00 0 
7f6224000000-7f622409c000 rw-p 00000000 00:00 0 
7f622409c000-7f6228000000 ---p 00000000 00:00 0 
7f6228000000-7f6228021000 rw-p 00000000 00:00 0 
7f6228021000-7f622c000000 ---p 00000000 00:00 0 
7f622c09f000-7f622c0bb000 r--s 00393000 08:15 3019803                    /etc/jdk1.8.0_121/jre/lib/ext/cldrdata.jar
7f622c0bb000-7f622cb98000 rw-p 00000000 00:00 0 
7f622cb98000-7f622cd71000 r--s 03d3e000 08:15 3019712                    /etc/jdk1.8.0_121/jre/lib/rt.jar
7f622cd71000-7f622d1b1000 rw-p 00000000 00:00 0 
7f622d1b1000-7f622d571000 ---p 00000000 00:00 0 
7f622d571000-7f6230651000 rw-p 00000000 00:00 0 
7f6230651000-7f6230652000 ---p 00000000 00:00 0 
7f6230652000-7f6230752000 rw-p 00000000 00:00 0 
7f6230752000-7f6230753000 ---p 00000000 00:00 0 
7f6230753000-7f6230853000 rw-p 00000000 00:00 0 
7f6230853000-7f6230854000 ---p 00000000 00:00 0 
7f6230854000-7f6230954000 rw-p 00000000 00:00 0 
7f6230954000-7f6230955000 ---p 00000000 00:00 0 
7f6230955000-7f6230aae000 rw-p 00000000 00:00 0 
7f6230aae000-7f6230c40000 ---p 00000000 00:00 0 
7f6230c40000-7f6230c4b000 rw-p 00000000 00:00 0 
7f6230c4b000-7f6231000000 ---p 00000000 00:00 0 
7f6231000000-7f6231290000 rwxp 00000000 00:00 0 
7f6231290000-7f6240000000 ---p 00000000 00:00 0 
7f6240000000-7f62403d0000 rw-p 00000000 00:00 0 
7f62403d0000-7f6244000000 ---p 00000000 00:00 0 
7f6244012000-7f62440e1000 rw-p 00000000 00:00 0 
7f62440e1000-7f6244272000 ---p 00000000 00:00 0 
7f6244272000-7f6244368000 rw-p 00000000 00:00 0 
7f6244368000-7f6244369000 rw-p 00000000 00:00 0 
7f6244369000-7f6244383000 r-xp 00000000 08:15 3019743                    /etc/jdk1.8.0_121/jre/lib/amd64/libzip.so
7f6244383000-7f6244583000 ---p 0001a000 08:15 3019743                    /etc/jdk1.8.0_121/jre/lib/amd64/libzip.so
7f6244583000-7f6244584000 rw-p 0001a000 08:15 3019743                    /etc/jdk1.8.0_121/jre/lib/amd64/libzip.so
7f6244584000-7f624458f000 r-xp 00000000 08:15 1179742                    /lib/x86_64-linux-gnu/libnss_files-2.24.so
7f624458f000-7f624478e000 ---p 0000b000 08:15 1179742                    /lib/x86_64-linux-gnu/libnss_files-2.24.so
7f624478e000-7f624478f000 r--p 0000a000 08:15 1179742                    /lib/x86_64-linux-gnu/libnss_files-2.24.so
7f624478f000-7f6244790000 rw-p 0000b000 08:15 1179742                    /lib/x86_64-linux-gnu/libnss_files-2.24.so
7f6244790000-7f6244796000 rw-p 00000000 00:00 0 
7f6244796000-7f62447a1000 r-xp 00000000 08:15 1179744                    /lib/x86_64-linux-gnu/libnss_nis-2.24.so
7f62447a1000-7f62449a0000 ---p 0000b000 08:15 1179744                    /lib/x86_64-linux-gnu/libnss_nis-2.24.so
7f62449a0000-7f62449a1000 r--p 0000a000 08:15 1179744                    /lib/x86_64-linux-gnu/libnss_nis-2.24.so
7f62449a1000-7f62449a2000 rw-p 0000b000 08:15 1179744                    /lib/x86_64-linux-gnu/libnss_nis-2.24.so
7f62449a2000-7f62449b8000 r-xp 00000000 08:15 1179739                    /lib/x86_64-linux-gnu/libnsl-2.24.so
7f62449b8000-7f6244bb7000 ---p 00016000 08:15 1179739                    /lib/x86_64-linux-gnu/libnsl-2.24.so
7f6244bb7000-7f6244bb8000 r--p 00015000 08:15 1179739                    /lib/x86_64-linux-gnu/libnsl-2.24.so
7f6244bb8000-7f6244bb9000 rw-p 00016000 08:15 1179739                    /lib/x86_64-linux-gnu/libnsl-2.24.so
7f6244bb9000-7f6244bbb000 rw-p 00000000 00:00 0 
7f6244bbb000-7f6244bc3000 r-xp 00000000 08:15 1179740                    /lib/x86_64-linux-gnu/libnss_compat-2.24.so
7f6244bc3000-7f6244dc2000 ---p 00008000 08:15 1179740                    /lib/x86_64-linux-gnu/libnss_compat-2.24.so
7f6244dc2000-7f6244dc3000 r--p 00007000 08:15 1179740                    /lib/x86_64-linux-gnu/libnss_compat-2.24.so
7f6244dc3000-7f6244dc4000 rw-p 00008000 08:15 1179740                    /lib/x86_64-linux-gnu/libnss_compat-2.24.so
7f6244dc4000-7f6244def000 r-xp 00000000 08:15 3019770                    /etc/jdk1.8.0_121/jre/lib/amd64/libjava.so
7f6244def000-7f6244fee000 ---p 0002b000 08:15 3019770                    /etc/jdk1.8.0_121/jre/lib/amd64/libjava.so
7f6244fee000-7f6244ff0000 rw-p 0002a000 08:15 3019770                    /etc/jdk1.8.0_121/jre/lib/amd64/libjava.so
7f6244ff0000-7f6244ffd000 r-xp 00000000 08:15 3019721                    /etc/jdk1.8.0_121/jre/lib/amd64/libverify.so
7f6244ffd000-7f62451fc000 ---p 0000d000 08:15 3019721                    /etc/jdk1.8.0_121/jre/lib/amd64/libverify.so
7f62451fc000-7f62451fe000 rw-p 0000c000 08:15 3019721                    /etc/jdk1.8.0_121/jre/lib/amd64/libverify.so
7f62451fe000-7f6245205000 r-xp 00000000 08:15 1184268                    /lib/x86_64-linux-gnu/librt-2.24.so
7f6245205000-7f6245404000 ---p 00007000 08:15 1184268                    /lib/x86_64-linux-gnu/librt-2.24.so
7f6245404000-7f6245405000 r--p 00006000 08:15 1184268                    /lib/x86_64-linux-gnu/librt-2.24.so
7f6245405000-7f6245406000 rw-p 00007000 08:15 1184268                    /lib/x86_64-linux-gnu/librt-2.24.so
7f6245406000-7f624550e000 r-xp 00000000 08:15 1179736                    /lib/x86_64-linux-gnu/libm-2.24.so
7f624550e000-7f624570d000 ---p 00108000 08:15 1179736                    /lib/x86_64-linux-gnu/libm-2.24.so
7f624570d000-7f624570e000 r--p 00107000 08:15 1179736                    /lib/x86_64-linux-gnu/libm-2.24.so
7f624570e000-7f624570f000 rw-p 00108000 08:15 1179736                    /lib/x86_64-linux-gnu/libm-2.24.so
7f624570f000-7f62463dd000 r-xp 00000000 08:15 3019774                    /etc/jdk1.8.0_121/jre/lib/amd64/server/libjvm.so
7f62463dd000-7f62465dd000 ---p 00cce000 08:15 3019774                    /etc/jdk1.8.0_121/jre/lib/amd64/server/libjvm.so
7f62465dd000-7f62466b6000 rw-p 00cce000 08:15 3019774                    /etc/jdk1.8.0_121/jre/lib/amd64/server/libjvm.so
7f62466b6000-7f6246701000 rw-p 00000000 00:00 0 
7f6246701000-7f62468be000 r-xp 00000000 08:15 1179732                    /lib/x86_64-linux-gnu/libc-2.24.so
7f62468be000-7f6246abe000 ---p 001bd000 08:15 1179732                    /lib/x86_64-linux-gnu/libc-2.24.so
7f6246abe000-7f6246ac2000 r--p 001bd000 08:15 1179732                    /lib/x86_64-linux-gnu/libc-2.24.so
7f6246ac2000-7f6246ac4000 rw-p 001c1000 08:15 1179732                    /lib/x86_64-linux-gnu/libc-2.24.so
7f6246ac4000-7f6246ac8000 rw-p 00000000 00:00 0 
7f6246ac8000-7f6246acb000 r-xp 00000000 08:15 1179735                    /lib/x86_64-linux-gnu/libdl-2.24.so
7f6246acb000-7f6246cca000 ---p 00003000 08:15 1179735                    /lib/x86_64-linux-gnu/libdl-2.24.so
7f6246cca000-7f6246ccb000 r--p 00002000 08:15 1179735                    /lib/x86_64-linux-gnu/libdl-2.24.so
7f6246ccb000-7f6246ccc000 rw-p 00003000 08:15 1179735                    /lib/x86_64-linux-gnu/libdl-2.24.so
7f6246ccc000-7f6246ce1000 r-xp 00000000 08:15 3018855                    /etc/jdk1.8.0_121/lib/amd64/jli/libjli.so
7f6246ce1000-7f6246ee1000 ---p 00015000 08:15 3018855                    /etc/jdk1.8.0_121/lib/amd64/jli/libjli.so
7f6246ee1000-7f6246ee2000 rw-p 00015000 08:15 3018855                    /etc/jdk1.8.0_121/lib/amd64/jli/libjli.so
7f6246ee2000-7f6246efa000 r-xp 00000000 08:15 1179747                    /lib/x86_64-linux-gnu/libpthread-2.24.so
7f6246efa000-7f62470fa000 ---p 00018000 08:15 1179747                    /lib/x86_64-linux-gnu/libpthread-2.24.so
7f62470fa000-7f62470fb000 r--p 00018000 08:15 1179747                    /lib/x86_64-linux-gnu/libpthread-2.24.so
7f62470fb000-7f62470fc000 rw-p 00019000 08:15 1179747                    /lib/x86_64-linux-gnu/libpthread-2.24.so
7f62470fc000-7f6247100000 rw-p 00000000 00:00 0 
7f6247100000-7f6247125000 r-xp 00000000 08:15 1179654                    /lib/x86_64-linux-gnu/ld-2.24.so
7f624713f000-7f6247200000 rw-p 00000000 00:00 0 
7f6247200000-7f6247203000 ---p 00000000 00:00 0 
7f6247203000-7f6247303000 rw-p 00000000 00:00 0 
7f624730d000-7f6247317000 r--s 00116000 08:15 3019800                    /etc/jdk1.8.0_121/jre/lib/ext/localedata.jar
7f6247317000-7f624731f000 rw-s 00000000 08:15 4849717                    /tmp/hsperfdata_lucas/5387
7f624731f000-7f6247320000 rw-p 00000000 00:00 0 
7f6247320000-7f6247321000 ---p 00000000 00:00 0 
7f6247321000-7f6247324000 rw-p 00000000 00:00 0 
7f6247324000-7f6247325000 r--p 00024000 08:15 1179654                    /lib/x86_64-linux-gnu/ld-2.24.so
7f6247325000-7f6247326000 rw-p 00025000 08:15 1179654                    /lib/x86_64-linux-gnu/ld-2.24.so
7f6247326000-7f6247327000 rw-p 00000000 00:00 0 
7ffdff2ff000-7ffdff320000 rw-p 00000000 00:00 0                          [stack]
7ffdff374000-7ffdff376000 r--p 00000000 00:00 0                          [vvar]
7ffdff376000-7ffdff378000 r-xp 00000000 00:00 0                          [vdso]
ffffffffff600000-ffffffffff601000 r-xp 00000000 00:00 0                  [vsyscall]

VM Arguments:
jvm_args: -Dfile.encoding=UTF-8 
java_command: br.ufc.quixada.eda.testes.TesteListaPrioridadesNOrdenado
java_class_path (initial): /home/lucas/Documentos/semestre 3/estruturaDeDadosAvançado/EDA/EDAAlunos/bin
Launcher Type: SUN_STANDARD

Environment Variables:
PATH=/home/lucas/bin:/home/lucas/.local/bin:/usr/local/sbin:/usr/local/bin:/usr/sbin:/usr/bin:/sbin:/bin:/usr/games:/usr/local/games:/snap/bin
SHELL=/bin/bash
DISPLAY=:0

Signal Handlers:
SIGSEGV: [libjvm.so+0xac78c0], sa_mask[0]=11111111011111111101111111111110, sa_flags=SA_RESTART|SA_SIGINFO
SIGBUS: [libjvm.so+0xac78c0], sa_mask[0]=11111111011111111101111111111110, sa_flags=SA_RESTART|SA_SIGINFO
SIGFPE: [libjvm.so+0x920ac0], sa_mask[0]=11111111011111111101111111111110, sa_flags=SA_RESTART|SA_SIGINFO
SIGPIPE: [libjvm.so+0x920ac0], sa_mask[0]=11111111011111111101111111111110, sa_flags=SA_RESTART|SA_SIGINFO
SIGXFSZ: [libjvm.so+0x920ac0], sa_mask[0]=11111111011111111101111111111110, sa_flags=SA_RESTART|SA_SIGINFO
SIGILL: [libjvm.so+0x920ac0], sa_mask[0]=11111111011111111101111111111110, sa_flags=SA_RESTART|SA_SIGINFO
SIGUSR1: SIG_DFL, sa_mask[0]=00000000000000000000000000000000, sa_flags=none
SIGUSR2: [libjvm.so+0x922300], sa_mask[0]=00100000000000000000000000000000, sa_flags=SA_RESTART|SA_SIGINFO
SIGHUP: [libjvm.so+0x923700], sa_mask[0]=11111111011111111101111111111110, sa_flags=SA_RESTART|SA_SIGINFO
SIGINT: [libjvm.so+0x923700], sa_mask[0]=11111111011111111101111111111110, sa_flags=SA_RESTART|SA_SIGINFO
SIGTERM: [libjvm.so+0x923700], sa_mask[0]=11111111011111111101111111111110, sa_flags=SA_RESTART|SA_SIGINFO
SIGQUIT: [libjvm.so+0x923700], sa_mask[0]=11111111011111111101111111111110, sa_flags=SA_RESTART|SA_SIGINFO


---------------  S Y S T E M  ---------------

OS:DISTRIB_ID=Ubuntu
DISTRIB_RELEASE=16.10
DISTRIB_CODENAME=yakkety
DISTRIB_DESCRIPTION="Ubuntu 16.10"

uname:Linux 4.8.0-41-generic #44-Ubuntu SMP Fri Mar 3 15:27:17 UTC 2017 x86_64
libc:glibc 2.24 NPTL 2.24 
rlimit: STACK 8192k, CORE 0k, NPROC 23083, NOFILE 4096, AS infinity
load average:2,89 3,14 3,15

/proc/meminfo:
MemTotal:        6021236 kB
MemFree:         1431084 kB
MemAvailable:    2823504 kB
Buffers:          125672 kB
Cached:          1859084 kB
SwapCached:            0 kB
Active:          2806540 kB
Inactive:        1540036 kB
Active(anon):    2237868 kB
Inactive(anon):   543556 kB
Active(file):     568672 kB
Inactive(file):   996480 kB
Unevictable:         132 kB
Mlocked:             132 kB
SwapTotal:       6835196 kB
SwapFree:        6835196 kB
Dirty:               124 kB
Writeback:             0 kB
AnonPages:       2305712 kB
Mapped:           606516 kB
Shmem:            419596 kB
Slab:             129220 kB
SReclaimable:      82540 kB
SUnreclaim:        46680 kB
KernelStack:       11232 kB
PageTables:        45812 kB
NFS_Unstable:          0 kB
Bounce:                0 kB
WritebackTmp:          0 kB
CommitLimit:     9845812 kB
Committed_AS:    7711680 kB
VmallocTotal:   34359738367 kB
VmallocUsed:           0 kB
VmallocChunk:          0 kB
HardwareCorrupted:     0 kB
AnonHugePages:   1257472 kB
ShmemHugePages:        0 kB
ShmemPmdMapped:        0 kB
CmaTotal:              0 kB
CmaFree:               0 kB
HugePages_Total:       0
HugePages_Free:        0
HugePages_Rsvd:        0
HugePages_Surp:        0
Hugepagesize:       2048 kB
DirectMap4k:      204736 kB
DirectMap2M:     5998592 kB


CPU:total 4 (2 cores per cpu, 2 threads per core) family 6 model 42 stepping 7, cmov, cx8, fxsr, mmx, sse, sse2, sse3, ssse3, sse4.1, sse4.2, popcnt, avx, clmul, ht, tsc, tscinvbit

/proc/cpuinfo:
processor	: 0
vendor_id	: GenuineIntel
cpu family	: 6
model		: 42
model name	: Intel(R) Core(TM) i3-2350M CPU @ 2.30GHz
stepping	: 7
microcode	: 0x29
cpu MHz		: 1999.865
cache size	: 3072 KB
physical id	: 0
siblings	: 4
core id		: 0
cpu cores	: 2
apicid		: 0
initial apicid	: 0
fpu		: yes
fpu_exception	: yes
cpuid level	: 13
wp		: yes
flags		: fpu vme de pse tsc msr pae mce cx8 apic sep mtrr pge mca cmov pat pse36 clflush dts acpi mmx fxsr sse sse2 ss ht tm pbe syscall nx rdtscp lm constant_tsc arch_perfmon pebs bts nopl xtopology nonstop_tsc aperfmperf eagerfpu pni pclmulqdq dtes64 monitor ds_cpl vmx est tm2 ssse3 cx16 xtpr pdcm pcid sse4_1 sse4_2 x2apic popcnt tsc_deadline_timer xsave avx lahf_lm epb tpr_shadow vnmi flexpriority ept vpid xsaveopt dtherm arat pln pts
bugs		:
bogomips	: 4589.68
clflush size	: 64
cache_alignment	: 64
address sizes	: 36 bits physical, 48 bits virtual
power management:

processor	: 1
vendor_id	: GenuineIntel
cpu family	: 6
model		: 42
model name	: Intel(R) Core(TM) i3-2350M CPU @ 2.30GHz
stepping	: 7
microcode	: 0x29
cpu MHz		: 1999.865
cache size	: 3072 KB
physical id	: 0
siblings	: 4
core id		: 0
cpu cores	: 2
apicid		: 1
initial apicid	: 1
fpu		: yes
fpu_exception	: yes
cpuid level	: 13
wp		: yes
flags		: fpu vme de pse tsc msr pae mce cx8 apic sep mtrr pge mca cmov pat pse36 clflush dts acpi mmx fxsr sse sse2 ss ht tm pbe syscall nx rdtscp lm constant_tsc arch_perfmon pebs bts nopl xtopology nonstop_tsc aperfmperf eagerfpu pni pclmulqdq dtes64 monitor ds_cpl vmx est tm2 ssse3 cx16 xtpr pdcm pcid sse4_1 sse4_2 x2apic popcnt tsc_deadline_timer xsave avx lahf_lm epb tpr_shadow vnmi flexpriority ept vpid xsaveopt dtherm arat pln pts
bugs		:
bogomips	: 4589.68
clflush size	: 64
cache_alignment	: 64
address sizes	: 36 bits physical, 48 bits virtual
power management:

processor	: 2
vendor_id	: GenuineIntel
cpu family	: 6
model		: 42
model name	: Intel(R) Core(TM) i3-2350M CPU @ 2.30GHz
stepping	: 7
microcode	: 0x29
cpu MHz		: 1999.865
cache size	: 3072 KB
physical id	: 0
siblings	: 4
core id		: 1
cpu cores	: 2
apicid		: 2
initial apicid	: 2
fpu		: yes
fpu_exception	: yes
cpuid level	: 13
wp		: yes
flags		: fpu vme de pse tsc msr pae mce cx8 apic sep mtrr pge mca cmov pat pse36 clflush dts acpi mmx fxsr sse sse2 ss ht tm pbe syscall nx rdtscp lm constant_tsc arch_perfmon pebs bts nopl xtopology nonstop_tsc aperfmperf eagerfpu pni pclmulqdq dtes64 monitor ds_cpl vmx est tm2 ssse3 cx16 xtpr pdcm pcid sse4_1 sse4_2 x2apic popcnt tsc_deadline_timer xsave avx lahf_lm epb tpr_shadow vnmi flexpriority ept vpid xsaveopt dtherm arat pln pts
bugs		:
bogomips	: 4589.68
clflush size	: 64
cache_alignment	: 64
address sizes	: 36 bits physical, 48 bits virtual
power management:

processor	: 3
vendor_id	: GenuineIntel
cpu family	: 6
model		: 42
model name	: Intel(R) Core(TM) i3-2350M CPU @ 2.30GHz
stepping	: 7
microcode	: 0x29
cpu MHz		: 1999.865
cache size	: 3072 KB
physical id	: 0
siblings	: 4
core id		: 1
cpu cores	: 2
apicid		: 3
initial apicid	: 3
fpu		: yes
fpu_exception	: yes
cpuid level	: 13
wp		: yes
flags		: fpu vme de pse tsc msr pae mce cx8 apic sep mtrr pge mca cmov pat pse36 clflush dts acpi mmx fxsr sse sse2 ss ht tm pbe syscall nx rdtscp lm constant_tsc arch_perfmon pebs bts nopl xtopology nonstop_tsc aperfmperf eagerfpu pni pclmulqdq dtes64 monitor ds_cpl vmx est tm2 ssse3 cx16 xtpr pdcm pcid sse4_1 sse4_2 x2apic popcnt tsc_deadline_timer xsave avx lahf_lm epb tpr_shadow vnmi flexpriority ept vpid xsaveopt dtherm arat pln pts
bugs		:
bogomips	: 4589.68
clflush size	: 64
cache_alignment	: 64
address sizes	: 36 bits physical, 48 bits virtual
power management:



Memory: 4k page, physical 6021236k(1431084k free), swap 6835196k(6835196k free)

vm_info: Java HotSpot(TM) 64-Bit Server VM (25.121-b13) for linux-amd64 JRE (1.8.0_121-b13), built on Dec 12 2016 16:36:53 by "java_re" with gcc 4.3.0 20080428 (Red Hat 4.3.0-8)

time: Sun Mar 26 21:20:04 2017
elapsed time: 1612 seconds (0d 0h 26m 52s)

